INFO: [VRFC 10-2263] Analyzing SystemVerilog file "/home/phanikar/BITS/3-2/Projects/Systolic-Array/projects/vip_sim_proj/vip_sim_proj.ip_user_files/bd/vip_bd/ip/vip_bd_vip_a_0/sim/vip_bd_vip_a_0_pkg.sv" into library xil_defaultlib
INFO: [VRFC 10-2263] Analyzing SystemVerilog file "/home/phanikar/BITS/3-2/Projects/Systolic-Array/projects/vip_sim_proj/vip_sim_proj.ip_user_files/bd/vip_bd/ip/vip_bd_vip_a_0/sim/vip_bd_vip_a_0.sv" into library xil_defaultlib
INFO: [VRFC 10-311] analyzing module vip_bd_vip_a_0
INFO: [VRFC 10-2263] Analyzing SystemVerilog file "/home/phanikar/BITS/3-2/Projects/Systolic-Array/projects/vip_sim_proj/vip_sim_proj.ip_user_files/bd/vip_bd/ip/vip_bd_vip_b_0/sim/vip_bd_vip_b_0_pkg.sv" into library xil_defaultlib
INFO: [VRFC 10-2263] Analyzing SystemVerilog file "/home/phanikar/BITS/3-2/Projects/Systolic-Array/projects/vip_sim_proj/vip_sim_proj.ip_user_files/bd/vip_bd/ip/vip_bd_vip_b_0/sim/vip_bd_vip_b_0.sv" into library xil_defaultlib
INFO: [VRFC 10-311] analyzing module vip_bd_vip_b_0
INFO: [VRFC 10-2263] Analyzing SystemVerilog file "/home/phanikar/BITS/3-2/Projects/Systolic-Array/projects/vip_sim_proj/vip_sim_proj.ip_user_files/bd/vip_bd/ip/vip_bd_vip_d_0/sim/vip_bd_vip_d_0_pkg.sv" into library xil_defaultlib
INFO: [VRFC 10-2263] Analyzing SystemVerilog file "/home/phanikar/BITS/3-2/Projects/Systolic-Array/projects/vip_sim_proj/vip_sim_proj.ip_user_files/bd/vip_bd/ip/vip_bd_vip_d_0/sim/vip_bd_vip_d_0.sv" into library xil_defaultlib
INFO: [VRFC 10-311] analyzing module vip_bd_vip_d_0
INFO: [VRFC 10-2263] Analyzing SystemVerilog file "/home/phanikar/BITS/3-2/Projects/Systolic-Array/projects/vip_sim_proj/vip_sim_proj.ip_user_files/bd/vip_bd/ip/vip_bd_vip_c_0/sim/vip_bd_vip_c_0_pkg.sv" into library xil_defaultlib
INFO: [VRFC 10-2263] Analyzing SystemVerilog file "/home/phanikar/BITS/3-2/Projects/Systolic-Array/projects/vip_sim_proj/vip_sim_proj.ip_user_files/bd/vip_bd/ip/vip_bd_vip_c_0/sim/vip_bd_vip_c_0.sv" into library xil_defaultlib
INFO: [VRFC 10-311] analyzing module vip_bd_vip_c_0
INFO: [VRFC 10-2263] Analyzing Verilog file "/home/phanikar/BITS/3-2/Projects/Systolic-Array/projects/vip_sim_proj/vip_sim_proj.ip_user_files/bd/vip_bd/ipshared/bb44/src/FPMul.v" into library xil_defaultlib
INFO: [VRFC 10-311] analyzing module FPmul
INFO: [VRFC 10-2263] Analyzing Verilog file "/home/phanikar/BITS/3-2/Projects/Systolic-Array/projects/vip_sim_proj/vip_sim_proj.ip_user_files/bd/vip_bd/ipshared/bb44/src/FPadder.v" into library xil_defaultlib
INFO: [VRFC 10-311] analyzing module FPadder
INFO: [VRFC 10-2263] Analyzing Verilog file "/home/phanikar/BITS/3-2/Projects/Systolic-Array/projects/vip_sim_proj/vip_sim_proj.ip_user_files/bd/vip_bd/ipshared/bb44/src/WSPE.v" into library xil_defaultlib
INFO: [VRFC 10-311] analyzing module WSPETOP
INFO: [VRFC 10-2263] Analyzing Verilog file "/home/phanikar/BITS/3-2/Projects/Systolic-Array/projects/vip_sim_proj/vip_sim_proj.ip_user_files/bd/vip_bd/ipshared/bb44/src/fullFPadder.v" into library xil_defaultlib
INFO: [VRFC 10-311] analyzing module fullFPadder
INFO: [VRFC 10-2263] Analyzing Verilog file "/home/phanikar/BITS/3-2/Projects/Systolic-Array/projects/vip_sim_proj/vip_sim_proj.ip_user_files/bd/vip_bd/ipshared/bb44/src/roundingunit.v" into library xil_defaultlib
INFO: [VRFC 10-311] analyzing module roundingUnit
INFO: [VRFC 10-2263] Analyzing Verilog file "/home/phanikar/BITS/3-2/Projects/Systolic-Array/projects/vip_sim_proj/vip_sim_proj.ip_user_files/bd/vip_bd/ipshared/bb44/src/samesignedFPadder.v" into library xil_defaultlib
INFO: [VRFC 10-311] analyzing module samesignedFPadder
INFO: [VRFC 10-2263] Analyzing Verilog file "/home/phanikar/BITS/3-2/Projects/Systolic-Array/projects/vip_sim_proj/vip_sim_proj.ip_user_files/bd/vip_bd/ipshared/bb44/src/samesignedFPadderfrontend.v" into library xil_defaultlib
INFO: [VRFC 10-311] analyzing module samesignedFPadderfrontend
INFO: [VRFC 10-2263] Analyzing SystemVerilog file "/home/phanikar/BITS/3-2/Projects/Systolic-Array/projects/vip_sim_proj/vip_sim_proj.ip_user_files/bd/vip_bd/ipshared/bb44/src/Systolic_Array.sv" into library xil_defaultlib
INFO: [VRFC 10-311] analyzing module SystolicArray
INFO: [VRFC 10-2263] Analyzing SystemVerilog file "/home/phanikar/BITS/3-2/Projects/Systolic-Array/projects/vip_sim_proj/vip_sim_proj.ip_user_files/bd/vip_bd/ipshared/bb44/src/axi_systolic_wrapper.sv" into library xil_defaultlib
INFO: [VRFC 10-311] analyzing module axi_systolic_wrapper
INFO: [VRFC 10-2263] Analyzing SystemVerilog file "/home/phanikar/BITS/3-2/Projects/Systolic-Array/projects/vip_sim_proj/vip_sim_proj.ip_user_files/bd/vip_bd/ip/vip_bd_systolic_array_0_0/sim/vip_bd_systolic_array_0_0.sv" into library xil_defaultlib
INFO: [VRFC 10-311] analyzing module vip_bd_systolic_array_0_0
INFO: [VRFC 10-2263] Analyzing Verilog file "/home/phanikar/BITS/3-2/Projects/Systolic-Array/projects/vip_sim_proj/vip_sim_proj.ip_user_files/bd/vip_bd/sim/vip_bd.v" into library xil_defaultlib
INFO: [VRFC 10-311] analyzing module vip_bd
INFO: [VRFC 10-2263] Analyzing Verilog file "/home/phanikar/BITS/3-2/Projects/Systolic-Array/projects/vip_sim_proj/vip_sim_proj.gen/sources_1/bd/vip_bd/hdl/vip_bd_wrapper.v" into library xil_defaultlib
INFO: [VRFC 10-311] analyzing module vip_bd_wrapper
INFO: [VRFC 10-2263] Analyzing Verilog file "/home/phanikar/BITS/3-2/Projects/Systolic-Array/projects/vip_sim_proj/vip_sim_proj.sim/sim_1/behav/xsim/glbl.v" into library xil_defaultlib
INFO: [VRFC 10-311] analyzing module glbl
