Vivado Simulator v2023.1
Copyright 1986-2022 Xilinx, Inc. All Rights Reserved.
Copyright 2022-2023 Advanced Micro Devices, Inc. All Rights Reserved.
Running: /tools/Xilinx/Vivado/2023.1/bin/unwrapped/lnx64.o/xelab --incr --debug typical --relax --mt 8 -L xil_defaultlib -L axis_infrastructure_v1_1_0 -L axi4stream_vip_v1_1_14 -L uvm -L xilinx_vip -L unisims_ver -L unimacro_ver -L secureip -L xpm --snapshot axi_vip_tb_behav xil_defaultlib.axi_vip_tb xil_defaultlib.glbl -log elaborate.log 
Using 8 slave threads.
Starting static elaboration
Pass Through NonSizing Optimizer
Completed static elaboration
Starting simulation data flow analysis
WARNING: [XSIM 43-4099] "/home/phanikar/BITS/3-2/Projects/Systolic-Array/projects/vip_sim_proj/vip_sim_proj.ip_user_files/bd/vip_bd/ipshared/bb44/src/FPadder.v" Line 1. Module FPadder doesn't have a timescale but at least one module in design has a timescale.
WARNING: [XSIM 43-4099] "/home/phanikar/BITS/3-2/Projects/Systolic-Array/projects/vip_sim_proj/vip_sim_proj.ip_user_files/bd/vip_bd/ipshared/bb44/src/FPadder.v" Line 1. Module FPadder doesn't have a timescale but at least one module in design has a timescale.
WARNING: [XSIM 43-4099] "/home/phanikar/BITS/3-2/Projects/Systolic-Array/projects/vip_sim_proj/vip_sim_proj.ip_user_files/bd/vip_bd/ipshared/bb44/src/FPadder.v" Line 1. Module FPadder doesn't have a timescale but at least one module in design has a timescale.
WARNING: [XSIM 43-4099] "/home/phanikar/BITS/3-2/Projects/Systolic-Array/projects/vip_sim_proj/vip_sim_proj.ip_user_files/bd/vip_bd/ipshared/bb44/src/FPadder.v" Line 1. Module FPadder doesn't have a timescale but at least one module in design has a timescale.
WARNING: [XSIM 43-4099] "/home/phanikar/BITS/3-2/Projects/Systolic-Array/projects/vip_sim_proj/vip_sim_proj.ip_user_files/bd/vip_bd/ipshared/bb44/src/FPadder.v" Line 1. Module FPadder doesn't have a timescale but at least one module in design has a timescale.
WARNING: [XSIM 43-4099] "/home/phanikar/BITS/3-2/Projects/Systolic-Array/projects/vip_sim_proj/vip_sim_proj.ip_user_files/bd/vip_bd/ipshared/bb44/src/FPadder.v" Line 1. Module FPadder doesn't have a timescale but at least one module in design has a timescale.
WARNING: [XSIM 43-4099] "/home/phanikar/BITS/3-2/Projects/Systolic-Array/projects/vip_sim_proj/vip_sim_proj.ip_user_files/bd/vip_bd/ipshared/bb44/src/FPadder.v" Line 1. Module FPadder doesn't have a timescale but at least one module in design has a timescale.
WARNING: [XSIM 43-4099] "/home/phanikar/BITS/3-2/Projects/Systolic-Array/projects/vip_sim_proj/vip_sim_proj.ip_user_files/bd/vip_bd/ipshared/bb44/src/FPadder.v" Line 1. Module FPadder doesn't have a timescale but at least one module in design has a timescale.
WARNING: [XSIM 43-4099] "/home/phanikar/BITS/3-2/Projects/Systolic-Array/projects/vip_sim_proj/vip_sim_proj.ip_user_files/bd/vip_bd/ipshared/bb44/src/FPMul.v" Line 1. Module FPmul doesn't have a timescale but at least one module in design has a timescale.
WARNING: [XSIM 43-4099] "/home/phanikar/BITS/3-2/Projects/Systolic-Array/projects/vip_sim_proj/vip_sim_proj.ip_user_files/bd/vip_bd/ipshared/bb44/src/FPMul.v" Line 1. Module FPmul doesn't have a timescale but at least one module in design has a timescale.
WARNING: [XSIM 43-4099] "/home/phanikar/BITS/3-2/Projects/Systolic-Array/projects/vip_sim_proj/vip_sim_proj.ip_user_files/bd/vip_bd/ipshared/bb44/src/FPMul.v" Line 1. Module FPmul doesn't have a timescale but at least one module in design has a timescale.
WARNING: [XSIM 43-4099] "/home/phanikar/BITS/3-2/Projects/Systolic-Array/projects/vip_sim_proj/vip_sim_proj.ip_user_files/bd/vip_bd/ipshared/bb44/src/FPMul.v" Line 1. Module FPmul doesn't have a timescale but at least one module in design has a timescale.
WARNING: [XSIM 43-4099] "/home/phanikar/BITS/3-2/Projects/Systolic-Array/projects/vip_sim_proj/vip_sim_proj.ip_user_files/bd/vip_bd/ipshared/bb44/src/FPMul.v" Line 1. Module FPmul doesn't have a timescale but at least one module in design has a timescale.
WARNING: [XSIM 43-4099] "/home/phanikar/BITS/3-2/Projects/Systolic-Array/projects/vip_sim_proj/vip_sim_proj.ip_user_files/bd/vip_bd/ipshared/bb44/src/FPMul.v" Line 1. Module FPmul doesn't have a timescale but at least one module in design has a timescale.
WARNING: [XSIM 43-4099] "/home/phanikar/BITS/3-2/Projects/Systolic-Array/projects/vip_sim_proj/vip_sim_proj.ip_user_files/bd/vip_bd/ipshared/bb44/src/FPMul.v" Line 1. Module FPmul doesn't have a timescale but at least one module in design has a timescale.
WARNING: [XSIM 43-4099] "/home/phanikar/BITS/3-2/Projects/Systolic-Array/projects/vip_sim_proj/vip_sim_proj.ip_user_files/bd/vip_bd/ipshared/bb44/src/FPMul.v" Line 1. Module FPmul doesn't have a timescale but at least one module in design has a timescale.
WARNING: [XSIM 43-4099] "/home/phanikar/BITS/3-2/Projects/Systolic-Array/projects/vip_sim_proj/vip_sim_proj.ip_user_files/bd/vip_bd/ipshared/bb44/src/FPMul.v" Line 1. Module FPmul doesn't have a timescale but at least one module in design has a timescale.
WARNING: [XSIM 43-4099] "/home/phanikar/BITS/3-2/Projects/Systolic-Array/projects/vip_sim_proj/vip_sim_proj.ip_user_files/bd/vip_bd/ipshared/bb44/src/FPMul.v" Line 1. Module FPmul doesn't have a timescale but at least one module in design has a timescale.
WARNING: [XSIM 43-4099] "/home/phanikar/BITS/3-2/Projects/Systolic-Array/projects/vip_sim_proj/vip_sim_proj.ip_user_files/bd/vip_bd/ipshared/bb44/src/FPMul.v" Line 1. Module FPmul doesn't have a timescale but at least one module in design has a timescale.
WARNING: [XSIM 43-4099] "/home/phanikar/BITS/3-2/Projects/Systolic-Array/projects/vip_sim_proj/vip_sim_proj.ip_user_files/bd/vip_bd/ipshared/bb44/src/FPMul.v" Line 1. Module FPmul doesn't have a timescale but at least one module in design has a timescale.
WARNING: [XSIM 43-4099] "/home/phanikar/BITS/3-2/Projects/Systolic-Array/projects/vip_sim_proj/vip_sim_proj.ip_user_files/bd/vip_bd/ipshared/bb44/src/FPMul.v" Line 1. Module FPmul doesn't have a timescale but at least one module in design has a timescale.
WARNING: [XSIM 43-4099] "/home/phanikar/BITS/3-2/Projects/Systolic-Array/projects/vip_sim_proj/vip_sim_proj.ip_user_files/bd/vip_bd/ipshared/bb44/src/FPMul.v" Line 1. Module FPmul doesn't have a timescale but at least one module in design has a timescale.
WARNING: [XSIM 43-4099] "/home/phanikar/BITS/3-2/Projects/Systolic-Array/projects/vip_sim_proj/vip_sim_proj.ip_user_files/bd/vip_bd/ipshared/bb44/src/FPMul.v" Line 1. Module FPmul doesn't have a timescale but at least one module in design has a timescale.
WARNING: [XSIM 43-4099] "/home/phanikar/BITS/3-2/Projects/Systolic-Array/projects/vip_sim_proj/vip_sim_proj.ip_user_files/bd/vip_bd/ipshared/bb44/src/FPMul.v" Line 1. Module FPmul doesn't have a timescale but at least one module in design has a timescale.
WARNING: [XSIM 43-4099] "/home/phanikar/BITS/3-2/Projects/Systolic-Array/projects/vip_sim_proj/vip_sim_proj.ip_user_files/bd/vip_bd/ipshared/bb44/src/FPMul.v" Line 1. Module FPmul doesn't have a timescale but at least one module in design has a timescale.
WARNING: [XSIM 43-4099] "/home/phanikar/BITS/3-2/Projects/Systolic-Array/projects/vip_sim_proj/vip_sim_proj.ip_user_files/bd/vip_bd/ipshared/bb44/src/FPMul.v" Line 1. Module FPmul doesn't have a timescale but at least one module in design has a timescale.
WARNING: [XSIM 43-4099] "/home/phanikar/BITS/3-2/Projects/Systolic-Array/projects/vip_sim_proj/vip_sim_proj.ip_user_files/bd/vip_bd/ipshared/bb44/src/FPMul.v" Line 1. Module FPmul doesn't have a timescale but at least one module in design has a timescale.
WARNING: [XSIM 43-4099] "/home/phanikar/BITS/3-2/Projects/Systolic-Array/projects/vip_sim_proj/vip_sim_proj.ip_user_files/bd/vip_bd/ipshared/bb44/src/FPMul.v" Line 1. Module FPmul doesn't have a timescale but at least one module in design has a timescale.
WARNING: [XSIM 43-4099] "/home/phanikar/BITS/3-2/Projects/Systolic-Array/projects/vip_sim_proj/vip_sim_proj.ip_user_files/bd/vip_bd/ipshared/bb44/src/FPMul.v" Line 1. Module FPmul doesn't have a timescale but at least one module in design has a timescale.
WARNING: [XSIM 43-4099] "/home/phanikar/BITS/3-2/Projects/Systolic-Array/projects/vip_sim_proj/vip_sim_proj.ip_user_files/bd/vip_bd/ipshared/bb44/src/FPMul.v" Line 1. Module FPmul doesn't have a timescale but at least one module in design has a timescale.
WARNING: [XSIM 43-4099] "/home/phanikar/BITS/3-2/Projects/Systolic-Array/projects/vip_sim_proj/vip_sim_proj.ip_user_files/bd/vip_bd/ipshared/bb44/src/FPMul.v" Line 1. Module FPmul doesn't have a timescale but at least one module in design has a timescale.
WARNING: [XSIM 43-4099] "/home/phanikar/BITS/3-2/Projects/Systolic-Array/projects/vip_sim_proj/vip_sim_proj.ip_user_files/bd/vip_bd/ipshared/bb44/src/FPMul.v" Line 1. Module FPmul doesn't have a timescale but at least one module in design has a timescale.
WARNING: [XSIM 43-4099] "/home/phanikar/BITS/3-2/Projects/Systolic-Array/projects/vip_sim_proj/vip_sim_proj.ip_user_files/bd/vip_bd/ipshared/bb44/src/FPMul.v" Line 1. Module FPmul doesn't have a timescale but at least one module in design has a timescale.
WARNING: [XSIM 43-4099] "/home/phanikar/BITS/3-2/Projects/Systolic-Array/projects/vip_sim_proj/vip_sim_proj.ip_user_files/bd/vip_bd/ipshared/bb44/src/FPMul.v" Line 1. Module FPmul doesn't have a timescale but at least one module in design has a timescale.
WARNING: [XSIM 43-4099] "/home/phanikar/BITS/3-2/Projects/Systolic-Array/projects/vip_sim_proj/vip_sim_proj.ip_user_files/bd/vip_bd/ipshared/bb44/src/FPMul.v" Line 1. Module FPmul doesn't have a timescale but at least one module in design has a timescale.
WARNING: [XSIM 43-4099] "/home/phanikar/BITS/3-2/Projects/Systolic-Array/projects/vip_sim_proj/vip_sim_proj.ip_user_files/bd/vip_bd/ipshared/bb44/src/FPMul.v" Line 1. Module FPmul doesn't have a timescale but at least one module in design has a timescale.
WARNING: [XSIM 43-4099] "/home/phanikar/BITS/3-2/Projects/Systolic-Array/projects/vip_sim_proj/vip_sim_proj.ip_user_files/bd/vip_bd/ipshared/bb44/src/FPMul.v" Line 1. Module FPmul doesn't have a timescale but at least one module in design has a timescale.
WARNING: [XSIM 43-4099] "/home/phanikar/BITS/3-2/Projects/Systolic-Array/projects/vip_sim_proj/vip_sim_proj.ip_user_files/bd/vip_bd/ipshared/bb44/src/FPMul.v" Line 1. Module FPmul doesn't have a timescale but at least one module in design has a timescale.
WARNING: [XSIM 43-4099] "/home/phanikar/BITS/3-2/Projects/Systolic-Array/projects/vip_sim_proj/vip_sim_proj.ip_user_files/bd/vip_bd/ipshared/bb44/src/FPMul.v" Line 1. Module FPmul doesn't have a timescale but at least one module in design has a timescale.
WARNING: [XSIM 43-4099] "/home/phanikar/BITS/3-2/Projects/Systolic-Array/projects/vip_sim_proj/vip_sim_proj.ip_user_files/bd/vip_bd/ipshared/bb44/src/FPMul.v" Line 1. Module FPmul doesn't have a timescale but at least one module in design has a timescale.
WARNING: [XSIM 43-4099] "/home/phanikar/BITS/3-2/Projects/Systolic-Array/projects/vip_sim_proj/vip_sim_proj.ip_user_files/bd/vip_bd/ipshared/bb44/src/FPMul.v" Line 1. Module FPmul doesn't have a timescale but at least one module in design has a timescale.
WARNING: [XSIM 43-4099] "/home/phanikar/BITS/3-2/Projects/Systolic-Array/projects/vip_sim_proj/vip_sim_proj.ip_user_files/bd/vip_bd/ipshared/bb44/src/FPMul.v" Line 1. Module FPmul doesn't have a timescale but at least one module in design has a timescale.
WARNING: [XSIM 43-4099] "/home/phanikar/BITS/3-2/Projects/Systolic-Array/projects/vip_sim_proj/vip_sim_proj.ip_user_files/bd/vip_bd/ipshared/bb44/src/FPMul.v" Line 1. Module FPmul doesn't have a timescale but at least one module in design has a timescale.
WARNING: [XSIM 43-4099] "/home/phanikar/BITS/3-2/Projects/Systolic-Array/projects/vip_sim_proj/vip_sim_proj.ip_user_files/bd/vip_bd/ipshared/bb44/src/FPMul.v" Line 1. Module FPmul doesn't have a timescale but at least one module in design has a timescale.
WARNING: [XSIM 43-4099] "/home/phanikar/BITS/3-2/Projects/Systolic-Array/projects/vip_sim_proj/vip_sim_proj.ip_user_files/bd/vip_bd/ipshared/bb44/src/FPMul.v" Line 1. Module FPmul doesn't have a timescale but at least one module in design has a timescale.
WARNING: [XSIM 43-4099] "/home/phanikar/BITS/3-2/Projects/Systolic-Array/projects/vip_sim_proj/vip_sim_proj.ip_user_files/bd/vip_bd/ipshared/bb44/src/FPMul.v" Line 1. Module FPmul doesn't have a timescale but at least one module in design has a timescale.
WARNING: [XSIM 43-4099] "/home/phanikar/BITS/3-2/Projects/Systolic-Array/projects/vip_sim_proj/vip_sim_proj.ip_user_files/bd/vip_bd/ipshared/bb44/src/FPMul.v" Line 1. Module FPmul doesn't have a timescale but at least one module in design has a timescale.
WARNING: [XSIM 43-4099] "/home/phanikar/BITS/3-2/Projects/Systolic-Array/projects/vip_sim_proj/vip_sim_proj.ip_user_files/bd/vip_bd/ipshared/bb44/src/FPMul.v" Line 1. Module FPmul doesn't have a timescale but at least one module in design has a timescale.
WARNING: [XSIM 43-4099] "/home/phanikar/BITS/3-2/Projects/Systolic-Array/projects/vip_sim_proj/vip_sim_proj.ip_user_files/bd/vip_bd/ipshared/bb44/src/FPMul.v" Line 1. Module FPmul doesn't have a timescale but at least one module in design has a timescale.
WARNING: [XSIM 43-4099] "/home/phanikar/BITS/3-2/Projects/Systolic-Array/projects/vip_sim_proj/vip_sim_proj.ip_user_files/bd/vip_bd/ipshared/bb44/src/FPMul.v" Line 1. Module FPmul doesn't have a timescale but at least one module in design has a timescale.
WARNING: [XSIM 43-4099] "/home/phanikar/BITS/3-2/Projects/Systolic-Array/projects/vip_sim_proj/vip_sim_proj.ip_user_files/bd/vip_bd/ipshared/bb44/src/FPMul.v" Line 1. Module FPmul doesn't have a timescale but at least one module in design has a timescale.
WARNING: [XSIM 43-4099] "/home/phanikar/BITS/3-2/Projects/Systolic-Array/projects/vip_sim_proj/vip_sim_proj.ip_user_files/bd/vip_bd/ipshared/bb44/src/FPMul.v" Line 1. Module FPmul doesn't have a timescale but at least one module in design has a timescale.
WARNING: [XSIM 43-4099] "/home/phanikar/BITS/3-2/Projects/Systolic-Array/projects/vip_sim_proj/vip_sim_proj.ip_user_files/bd/vip_bd/ipshared/bb44/src/FPMul.v" Line 1. Module FPmul doesn't have a timescale but at least one module in design has a timescale.
WARNING: [XSIM 43-4099] "/home/phanikar/BITS/3-2/Projects/Systolic-Array/projects/vip_sim_proj/vip_sim_proj.ip_user_files/bd/vip_bd/ipshared/bb44/src/FPMul.v" Line 1. Module FPmul doesn't have a timescale but at least one module in design has a timescale.
WARNING: [XSIM 43-4099] "/home/phanikar/BITS/3-2/Projects/Systolic-Array/projects/vip_sim_proj/vip_sim_proj.ip_user_files/bd/vip_bd/ipshared/bb44/src/FPMul.v" Line 1. Module FPmul doesn't have a timescale but at least one module in design has a timescale.
WARNING: [XSIM 43-4099] "/home/phanikar/BITS/3-2/Projects/Systolic-Array/projects/vip_sim_proj/vip_sim_proj.ip_user_files/bd/vip_bd/ipshared/bb44/src/FPMul.v" Line 1. Module FPmul doesn't have a timescale but at least one module in design has a timescale.
WARNING: [XSIM 43-4099] "/home/phanikar/BITS/3-2/Projects/Systolic-Array/projects/vip_sim_proj/vip_sim_proj.ip_user_files/bd/vip_bd/ipshared/bb44/src/FPMul.v" Line 1. Module FPmul doesn't have a timescale but at least one module in design has a timescale.
WARNING: [XSIM 43-4099] "/home/phanikar/BITS/3-2/Projects/Systolic-Array/projects/vip_sim_proj/vip_sim_proj.ip_user_files/bd/vip_bd/ipshared/bb44/src/FPMul.v" Line 1. Module FPmul doesn't have a timescale but at least one module in design has a timescale.
WARNING: [XSIM 43-4099] "/home/phanikar/BITS/3-2/Projects/Systolic-Array/projects/vip_sim_proj/vip_sim_proj.ip_user_files/bd/vip_bd/ipshared/bb44/src/FPMul.v" Line 1. Module FPmul doesn't have a timescale but at least one module in design has a timescale.
WARNING: [XSIM 43-4099] "/home/phanikar/BITS/3-2/Projects/Systolic-Array/projects/vip_sim_proj/vip_sim_proj.ip_user_files/bd/vip_bd/ipshared/bb44/src/FPMul.v" Line 1. Module FPmul doesn't have a timescale but at least one module in design has a timescale.
WARNING: [XSIM 43-4099] "/home/phanikar/BITS/3-2/Projects/Systolic-Array/projects/vip_sim_proj/vip_sim_proj.ip_user_files/bd/vip_bd/ipshared/bb44/src/FPMul.v" Line 1. Module FPmul doesn't have a timescale but at least one module in design has a timescale.
WARNING: [XSIM 43-4099] "/home/phanikar/BITS/3-2/Projects/Systolic-Array/projects/vip_sim_proj/vip_sim_proj.ip_user_files/bd/vip_bd/ipshared/bb44/src/FPMul.v" Line 1. Module FPmul doesn't have a timescale but at least one module in design has a timescale.
WARNING: [XSIM 43-4099] "/home/phanikar/BITS/3-2/Projects/Systolic-Array/projects/vip_sim_proj/vip_sim_proj.ip_user_files/bd/vip_bd/ipshared/bb44/src/FPMul.v" Line 1. Module FPmul doesn't have a timescale but at least one module in design has a timescale.
WARNING: [XSIM 43-4099] "/home/phanikar/BITS/3-2/Projects/Systolic-Array/projects/vip_sim_proj/vip_sim_proj.ip_user_files/bd/vip_bd/ipshared/bb44/src/FPMul.v" Line 1. Module FPmul doesn't have a timescale but at least one module in design has a timescale.
WARNING: [XSIM 43-4099] "/home/phanikar/BITS/3-2/Projects/Systolic-Array/projects/vip_sim_proj/vip_sim_proj.ip_user_files/bd/vip_bd/ipshared/bb44/src/FPMul.v" Line 1. Module FPmul doesn't have a timescale but at least one module in design has a timescale.
WARNING: [XSIM 43-4099] "/home/phanikar/BITS/3-2/Projects/Systolic-Array/projects/vip_sim_proj/vip_sim_proj.ip_user_files/bd/vip_bd/ipshared/bb44/src/FPMul.v" Line 1. Module FPmul doesn't have a timescale but at least one module in design has a timescale.
WARNING: [XSIM 43-4099] "/home/phanikar/BITS/3-2/Projects/Systolic-Array/projects/vip_sim_proj/vip_sim_proj.ip_user_files/bd/vip_bd/ipshared/bb44/src/FPMul.v" Line 1. Module FPmul doesn't have a timescale but at least one module in design has a timescale.
WARNING: [XSIM 43-4099] "/home/phanikar/BITS/3-2/Projects/Systolic-Array/projects/vip_sim_proj/vip_sim_proj.ip_user_files/bd/vip_bd/ipshared/bb44/src/FPMul.v" Line 1. Module FPmul doesn't have a timescale but at least one module in design has a timescale.
WARNING: [XSIM 43-4099] "/home/phanikar/BITS/3-2/Projects/Systolic-Array/projects/vip_sim_proj/vip_sim_proj.ip_user_files/bd/vip_bd/ipshared/bb44/src/FPMul.v" Line 1. Module FPmul doesn't have a timescale but at least one module in design has a timescale.
WARNING: [XSIM 43-4099] "/home/phanikar/BITS/3-2/Projects/Systolic-Array/projects/vip_sim_proj/vip_sim_proj.ip_user_files/bd/vip_bd/ipshared/bb44/src/FPMul.v" Line 1. Module FPmul doesn't have a timescale but at least one module in design has a timescale.
WARNING: [XSIM 43-4099] "/home/phanikar/BITS/3-2/Projects/Systolic-Array/projects/vip_sim_proj/vip_sim_proj.ip_user_files/bd/vip_bd/ipshared/bb44/src/FPMul.v" Line 1. Module FPmul doesn't have a timescale but at least one module in design has a timescale.
WARNING: [XSIM 43-4099] "/home/phanikar/BITS/3-2/Projects/Systolic-Array/projects/vip_sim_proj/vip_sim_proj.ip_user_files/bd/vip_bd/ipshared/bb44/src/FPMul.v" Line 1. Module FPmul doesn't have a timescale but at least one module in design has a timescale.
WARNING: [XSIM 43-4099] "/home/phanikar/BITS/3-2/Projects/Systolic-Array/projects/vip_sim_proj/vip_sim_proj.ip_user_files/bd/vip_bd/ipshared/bb44/src/FPadder.v" Line 1. Module FPadder doesn't have a timescale but at least one module in design has a timescale.
WARNING: [XSIM 43-4099] "/home/phanikar/BITS/3-2/Projects/Systolic-Array/projects/vip_sim_proj/vip_sim_proj.ip_user_files/bd/vip_bd/ipshared/bb44/src/FPadder.v" Line 1. Module FPadder doesn't have a timescale but at least one module in design has a timescale.
WARNING: [XSIM 43-4099] "/home/phanikar/BITS/3-2/Projects/Systolic-Array/projects/vip_sim_proj/vip_sim_proj.ip_user_files/bd/vip_bd/ipshared/bb44/src/FPadder.v" Line 1. Module FPadder doesn't have a timescale but at least one module in design has a timescale.
WARNING: [XSIM 43-4099] "/home/phanikar/BITS/3-2/Projects/Systolic-Array/projects/vip_sim_proj/vip_sim_proj.ip_user_files/bd/vip_bd/ipshared/bb44/src/FPadder.v" Line 1. Module FPadder doesn't have a timescale but at least one module in design has a timescale.
WARNING: [XSIM 43-4099] "/home/phanikar/BITS/3-2/Projects/Systolic-Array/projects/vip_sim_proj/vip_sim_proj.ip_user_files/bd/vip_bd/ipshared/bb44/src/FPadder.v" Line 1. Module FPadder doesn't have a timescale but at least one module in design has a timescale.
WARNING: [XSIM 43-4099] "/home/phanikar/BITS/3-2/Projects/Systolic-Array/projects/vip_sim_proj/vip_sim_proj.ip_user_files/bd/vip_bd/ipshared/bb44/src/FPadder.v" Line 1. Module FPadder doesn't have a timescale but at least one module in design has a timescale.
WARNING: [XSIM 43-4099] "/home/phanikar/BITS/3-2/Projects/Systolic-Array/projects/vip_sim_proj/vip_sim_proj.ip_user_files/bd/vip_bd/ipshared/bb44/src/FPadder.v" Line 1. Module FPadder doesn't have a timescale but at least one module in design has a timescale.
WARNING: [XSIM 43-4099] "/home/phanikar/BITS/3-2/Projects/Systolic-Array/projects/vip_sim_proj/vip_sim_proj.ip_user_files/bd/vip_bd/ipshared/bb44/src/FPadder.v" Line 1. Module FPadder doesn't have a timescale but at least one module in design has a timescale.
WARNING: [XSIM 43-4099] "/home/phanikar/BITS/3-2/Projects/Systolic-Array/projects/vip_sim_proj/vip_sim_proj.ip_user_files/bd/vip_bd/ipshared/bb44/src/FPMul.v" Line 1. Module FPmul doesn't have a timescale but at least one module in design has a timescale.
WARNING: [XSIM 43-4099] "/home/phanikar/BITS/3-2/Projects/Systolic-Array/projects/vip_sim_proj/vip_sim_proj.ip_user_files/bd/vip_bd/ipshared/bb44/src/FPMul.v" Line 1. Module FPmul doesn't have a timescale but at least one module in design has a timescale.
WARNING: [XSIM 43-4099] "/home/phanikar/BITS/3-2/Projects/Systolic-Array/projects/vip_sim_proj/vip_sim_proj.ip_user_files/bd/vip_bd/ipshared/bb44/src/FPMul.v" Line 1. Module FPmul doesn't have a timescale but at least one module in design has a timescale.
WARNING: [XSIM 43-4099] "/home/phanikar/BITS/3-2/Projects/Systolic-Array/projects/vip_sim_proj/vip_sim_proj.ip_user_files/bd/vip_bd/ipshared/bb44/src/FPMul.v" Line 1. Module FPmul doesn't have a timescale but at least one module in design has a timescale.
WARNING: [XSIM 43-4099] "/home/phanikar/BITS/3-2/Projects/Systolic-Array/projects/vip_sim_proj/vip_sim_proj.ip_user_files/bd/vip_bd/ipshared/bb44/src/FPMul.v" Line 1. Module FPmul doesn't have a timescale but at least one module in design has a timescale.
WARNING: [XSIM 43-4099] "/home/phanikar/BITS/3-2/Projects/Systolic-Array/projects/vip_sim_proj/vip_sim_proj.ip_user_files/bd/vip_bd/ipshared/bb44/src/FPMul.v" Line 1. Module FPmul doesn't have a timescale but at least one module in design has a timescale.
WARNING: [XSIM 43-4099] "/home/phanikar/BITS/3-2/Projects/Systolic-Array/projects/vip_sim_proj/vip_sim_proj.ip_user_files/bd/vip_bd/ipshared/bb44/src/FPMul.v" Line 1. Module FPmul doesn't have a timescale but at least one module in design has a timescale.
WARNING: [XSIM 43-4099] "/home/phanikar/BITS/3-2/Projects/Systolic-Array/projects/vip_sim_proj/vip_sim_proj.ip_user_files/bd/vip_bd/ipshared/bb44/src/FPMul.v" Line 1. Module FPmul doesn't have a timescale but at least one module in design has a timescale.
WARNING: [XSIM 43-4099] "/home/phanikar/BITS/3-2/Projects/Systolic-Array/projects/vip_sim_proj/vip_sim_proj.ip_user_files/bd/vip_bd/ipshared/bb44/src/FPMul.v" Line 1. Module FPmul doesn't have a timescale but at least one module in design has a timescale.
WARNING: [XSIM 43-4099] "/home/phanikar/BITS/3-2/Projects/Systolic-Array/projects/vip_sim_proj/vip_sim_proj.ip_user_files/bd/vip_bd/ipshared/bb44/src/FPMul.v" Line 1. Module FPmul doesn't have a timescale but at least one module in design has a timescale.
WARNING: [XSIM 43-4099] "/home/phanikar/BITS/3-2/Projects/Systolic-Array/projects/vip_sim_proj/vip_sim_proj.ip_user_files/bd/vip_bd/ipshared/bb44/src/FPMul.v" Line 1. Module FPmul doesn't have a timescale but at least one module in design has a timescale.
WARNING: [XSIM 43-4099] "/home/phanikar/BITS/3-2/Projects/Systolic-Array/projects/vip_sim_proj/vip_sim_proj.ip_user_files/bd/vip_bd/ipshared/bb44/src/FPMul.v" Line 1. Module FPmul doesn't have a timescale but at least one module in design has a timescale.
WARNING: [XSIM 43-4099] "/home/phanikar/BITS/3-2/Projects/Systolic-Array/projects/vip_sim_proj/vip_sim_proj.ip_user_files/bd/vip_bd/ipshared/bb44/src/FPMul.v" Line 1. Module FPmul doesn't have a timescale but at least one module in design has a timescale.
WARNING: [XSIM 43-4099] "/home/phanikar/BITS/3-2/Projects/Systolic-Array/projects/vip_sim_proj/vip_sim_proj.ip_user_files/bd/vip_bd/ipshared/bb44/src/FPMul.v" Line 1. Module FPmul doesn't have a timescale but at least one module in design has a timescale.
WARNING: [XSIM 43-4099] "/home/phanikar/BITS/3-2/Projects/Systolic-Array/projects/vip_sim_proj/vip_sim_proj.ip_user_files/bd/vip_bd/ipshared/bb44/src/FPMul.v" Line 1. Module FPmul doesn't have a timescale but at least one module in design has a timescale.
WARNING: [XSIM 43-4099] "/home/phanikar/BITS/3-2/Projects/Systolic-Array/projects/vip_sim_proj/vip_sim_proj.ip_user_files/bd/vip_bd/ipshared/bb44/src/FPMul.v" Line 1. Module FPmul doesn't have a timescale but at least one module in design has a timescale.
WARNING: [XSIM 43-4099] "/home/phanikar/BITS/3-2/Projects/Systolic-Array/projects/vip_sim_proj/vip_sim_proj.ip_user_files/bd/vip_bd/ipshared/bb44/src/FPMul.v" Line 1. Module FPmul doesn't have a timescale but at least one module in design has a timescale.
WARNING: [XSIM 43-4099] "/home/phanikar/BITS/3-2/Projects/Systolic-Array/projects/vip_sim_proj/vip_sim_proj.ip_user_files/bd/vip_bd/ipshared/bb44/src/FPMul.v" Line 1. Module FPmul doesn't have a timescale but at least one module in design has a timescale.
WARNING: [XSIM 43-4099] "/home/phanikar/BITS/3-2/Projects/Systolic-Array/projects/vip_sim_proj/vip_sim_proj.ip_user_files/bd/vip_bd/ipshared/bb44/src/FPMul.v" Line 1. Module FPmul doesn't have a timescale but at least one module in design has a timescale.
WARNING: [XSIM 43-4099] "/home/phanikar/BITS/3-2/Projects/Systolic-Array/projects/vip_sim_proj/vip_sim_proj.ip_user_files/bd/vip_bd/ipshared/bb44/src/FPMul.v" Line 1. Module FPmul doesn't have a timescale but at least one module in design has a timescale.
INFO: [Common 17-14] Message 'XSIM 43-4099' appears 100 times and further instances of the messages will be disabled. Use the Tcl command set_msg_config to change the current settings.
Completed simulation data flow analysis
Time Resolution for simulation is 1ps
Compiling package xilinx_vip.axi4stream_vip_pkg
Compiling package xilinx_vip.xil_common_vip_pkg
Compiling module xil_defaultlib.fullFPadder
Compiling module xil_defaultlib.roundingUnit
Compiling module xil_defaultlib.FPadder
Compiling module xil_defaultlib.FPmul
Compiling module xil_defaultlib.samesignedFPadder
Compiling module xil_defaultlib.samesignedFPadderfrontend
Compiling module xil_defaultlib.WSPETOP
Compiling module xil_defaultlib.SystolicArray_default
Compiling module xil_defaultlib.axi_systolic_wrapper_default
Compiling module xil_defaultlib.vip_bd_systolic_array_0_0
Compiling module xilinx_vip.axi4stream_vip_axi4streampc(DATA...
Compiling module xilinx_vip.cb
Compiling module xilinx_vip.axi4stream_vip_if(C_AXI4STREAM_S...
Compiling module axi4stream_vip_v1_1_14.axi4stream_vip_v1_1_14_top(C_AXI...
Compiling module xil_defaultlib.vip_bd_vip_a_0
Compiling module xil_defaultlib.vip_bd_vip_b_0
Compiling module xilinx_vip.axi4stream_vip_axi4streampc(DATA...
Compiling module xilinx_vip.cb
Compiling module xilinx_vip.axi4stream_vip_if(C_AXI4STREAM_S...
Compiling module axi4stream_vip_v1_1_14.axi4stream_vip_v1_1_14_top(C_AXI...
Compiling module xil_defaultlib.vip_bd_vip_c_0
Compiling module xil_defaultlib.vip_bd_vip_d_0
Compiling module xil_defaultlib.vip_bd
Compiling module xil_defaultlib.vip_bd_wrapper
Compiling module xil_defaultlib.axi_vip_tb
Compiling module xil_defaultlib.glbl
Built simulation snapshot axi_vip_tb_behav
