Copyright 1986-2022 Xilinx, Inc. All Rights Reserved. Copyright 2022-2023 Advanced Micro Devices, Inc. All Rights Reserved.
---------------------------------------------------------------------------------------------------------------------------------------------
| Tool Version : Vivado v.2023.1 (lin64) Build 3865809 Sun May  7 15:04:56 MDT 2023
| Date         : Mon Jun 29 18:42:43 2026
| Host         : phanikar-Latitude-5410 running 64-bit Ubuntu 22.04.5 LTS
| Command      : report_timing_summary -file timing_summary_pipelined_routed.rpt
| Design       : SystolicArray
| Device       : 7z020-clg484
| Speed File   : -1  PRODUCTION 1.12 2019-11-22
| Design State : Routed
---------------------------------------------------------------------------------------------------------------------------------------------

Timing Summary Report

------------------------------------------------------------------------------------------------
| Timer Settings
| --------------
------------------------------------------------------------------------------------------------

  Enable Multi Corner Analysis               :  Yes
  Enable Pessimism Removal                   :  Yes
  Pessimism Removal Resolution               :  Nearest Common Node
  Enable Input Delay Default Clock           :  No
  Enable Preset / Clear Arcs                 :  No
  Disable Flight Delays                      :  No
  Ignore I/O Paths                           :  No
  Timing Early Launch at Borrowing Latches   :  No
  Borrow Time for Max Delay Exceptions       :  Yes
  Merge Timing Exceptions                    :  Yes

  Corner  Analyze    Analyze    
  Name    Max Paths  Min Paths  
  ------  ---------  ---------  
  Slow    Yes        Yes        
  Fast    Yes        Yes        


------------------------------------------------------------------------------------------------
| Report Methodology
| ------------------
------------------------------------------------------------------------------------------------

No report available as report_methodology has not been run prior. Run report_methodology on the current design for the summary of methodology violations.



check_timing report

Table of Contents
-----------------
1. checking no_clock (0)
2. checking constant_clock (0)
3. checking pulse_width_clock (0)
4. checking unconstrained_internal_endpoints (0)
5. checking no_input_delay (2564)
6. checking no_output_delay (512)
7. checking multiple_clock (0)
8. checking generated_clocks (0)
9. checking loops (0)
10. checking partial_input_delay (0)
11. checking partial_output_delay (0)
12. checking latch_loops (0)

1. checking no_clock (0)
------------------------
 There are 0 register/latch pins with no clock.


2. checking constant_clock (0)
------------------------------
 There are 0 register/latch pins with constant_clock.


3. checking pulse_width_clock (0)
---------------------------------
 There are 0 register/latch pins which need pulse_width check


4. checking unconstrained_internal_endpoints (0)
------------------------------------------------
 There are 0 pins that are not constrained for maximum delay.

 There are 0 pins that are not constrained for maximum delay due to constant clock.


5. checking no_input_delay (2564)
---------------------------------
 There are 2564 input ports with no input delay specified. (HIGH)

 There are 0 input ports with no input delay but user has a false path constraint.


6. checking no_output_delay (512)
---------------------------------
 There are 512 ports with no output delay specified. (HIGH)

 There are 0 ports with no output delay but user has a false path constraint

 There are 0 ports with no output delay but with a timing clock defined on it or propagating through it


7. checking multiple_clock (0)
------------------------------
 There are 0 register/latch pins with multiple clocks.


8. checking generated_clocks (0)
--------------------------------
 There are 0 generated clocks that are not connected to a clock source.


9. checking loops (0)
---------------------
 There are 0 combinational loops in the design.


10. checking partial_input_delay (0)
------------------------------------
 There are 0 input ports with partial input delay specified.


11. checking partial_output_delay (0)
-------------------------------------
 There are 0 ports with partial output delay specified.


12. checking latch_loops (0)
----------------------------
 There are 0 combinational latch loops in the design through latch input



------------------------------------------------------------------------------------------------
| Design Timing Summary
| ---------------------
------------------------------------------------------------------------------------------------

    WNS(ns)      TNS(ns)  TNS Failing Endpoints  TNS Total Endpoints      WHS(ns)      THS(ns)  THS Failing Endpoints  THS Total Endpoints     WPWS(ns)     TPWS(ns)  TPWS Failing Endpoints  TPWS Total Endpoints  
    -------      -------  ---------------------  -------------------      -------      -------  ---------------------  -------------------     --------     --------  ----------------------  --------------------  
      0.064        0.000                      0                42168        0.096        0.000                      0                42168        3.565        0.000                       0                 42222  


All user specified timing constraints are met.


------------------------------------------------------------------------------------------------
| Clock Summary
| -------------
------------------------------------------------------------------------------------------------

Clock  Waveform(ns)         Period(ns)      Frequency(MHz)
-----  ------------         ----------      --------------
clock  {0.000 4.545}        9.090           110.011         


------------------------------------------------------------------------------------------------
| Intra Clock Table
| -----------------
------------------------------------------------------------------------------------------------

Clock             WNS(ns)      TNS(ns)  TNS Failing Endpoints  TNS Total Endpoints      WHS(ns)      THS(ns)  THS Failing Endpoints  THS Total Endpoints     WPWS(ns)     TPWS(ns)  TPWS Failing Endpoints  TPWS Total Endpoints  
-----             -------      -------  ---------------------  -------------------      -------      -------  ---------------------  -------------------     --------     --------  ----------------------  --------------------  
clock               0.064        0.000                      0                42168        0.096        0.000                      0                42168        3.565        0.000                       0                 42222  


------------------------------------------------------------------------------------------------
| Inter Clock Table
| -----------------
------------------------------------------------------------------------------------------------

From Clock    To Clock          WNS(ns)      TNS(ns)  TNS Failing Endpoints  TNS Total Endpoints      WHS(ns)      THS(ns)  THS Failing Endpoints  THS Total Endpoints  
----------    --------          -------      -------  ---------------------  -------------------      -------      -------  ---------------------  -------------------  


------------------------------------------------------------------------------------------------
| Other Path Groups Table
| -----------------------
------------------------------------------------------------------------------------------------

Path Group    From Clock    To Clock          WNS(ns)      TNS(ns)  TNS Failing Endpoints  TNS Total Endpoints      WHS(ns)      THS(ns)  THS Failing Endpoints  THS Total Endpoints  
----------    ----------    --------          -------      -------  ---------------------  -------------------      -------      -------  ---------------------  -------------------  


------------------------------------------------------------------------------------------------
| Timing Details
| --------------
------------------------------------------------------------------------------------------------


---------------------------------------------------------------------------------------------------
From Clock:  clock
  To Clock:  clock

Setup :            0  Failing Endpoints,  Worst Slack        0.064ns,  Total Violation        0.000ns
Hold  :            0  Failing Endpoints,  Worst Slack        0.096ns,  Total Violation        0.000ns
PW    :            0  Failing Endpoints,  Worst Slack        3.565ns,  Total Violation        0.000ns
---------------------------------------------------------------------------------------------------


Max Delay Paths
--------------------------------------------------------------------------------------
Slack (MET) :             0.064ns  (required time - arrival time)
  Source:                 gen_pe_row[7].gen_pe_col[0].pe/FPmulModule/stg1_mntmul_reg[11]/C
                            (rising edge-triggered cell FDRE clocked by clock  {rise@0.000ns fall@4.545ns period=9.090ns})
  Destination:            gen_pe_row[7].gen_pe_col[0].pe/FPmulModule/stg2_io_o_reg[10]/R
                            (rising edge-triggered cell FDRE clocked by clock  {rise@0.000ns fall@4.545ns period=9.090ns})
  Path Group:             clock
  Path Type:              Setup (Max at Slow Process Corner)
  Requirement:            9.090ns  (clock rise@9.090ns - clock rise@0.000ns)
  Data Path Delay:        8.418ns  (logic 3.308ns (39.299%)  route 5.110ns (60.701%))
  Logic Levels:           15  (CARRY4=7 LUT4=4 LUT5=2 LUT6=2)
  Clock Path Skew:        -0.049ns (DCD - SCD + CPR)
    Destination Clock Delay (DCD):    0.924ns = ( 10.014 - 9.090 ) 
    Source Clock Delay      (SCD):    0.973ns
    Clock Pessimism Removal (CPR):    0.000ns
  Clock Uncertainty:      0.035ns  ((TSJ^2 + TIJ^2)^1/2 + DJ) / 2 + PE
    Total System Jitter     (TSJ):    0.071ns
    Total Input Jitter      (TIJ):    0.000ns
    Discrete Jitter          (DJ):    0.000ns
    Phase Error              (PE):    0.000ns

    Location             Delay type                Incr(ns)  Path(ns)    Netlist Resource(s)
  -------------------------------------------------------------------    -------------------
                         (clock clock rise edge)      0.000     0.000 r  
                                                      0.000     0.000 r  clock (IN)
                         net (fo=42277, unset)        0.973     0.973    gen_pe_row[7].gen_pe_col[0].pe/FPmulModule/clock
    SLICE_X10Y21         FDRE                                         r  gen_pe_row[7].gen_pe_col[0].pe/FPmulModule/stg1_mntmul_reg[11]/C
  -------------------------------------------------------------------    -------------------
    SLICE_X10Y21         FDRE (Prop_fdre_C_Q)         0.518     1.491 r  gen_pe_row[7].gen_pe_col[0].pe/FPmulModule/stg1_mntmul_reg[11]/Q
                         net (fo=1, routed)           0.585     2.076    gen_pe_row[7].gen_pe_col[0].pe/FPmulModule/stg1_mntmul_reg_n_0_[11]
    SLICE_X10Y21         LUT4 (Prop_lut4_I1_O)        0.124     2.200 r  gen_pe_row[7].gen_pe_col[0].pe/FPmulModule/stg2_io_o[3]_i_15__22/O
                         net (fo=1, routed)           0.593     2.794    gen_pe_row[7].gen_pe_col[0].pe/FPmulModule/stg2_io_o[3]_i_15__22_n_0
    SLICE_X11Y21         LUT5 (Prop_lut5_I0_O)        0.124     2.918 r  gen_pe_row[7].gen_pe_col[0].pe/FPmulModule/stg2_io_o[3]_i_10__50/O
                         net (fo=1, routed)           0.446     3.363    gen_pe_row[7].gen_pe_col[0].pe/FPmulModule/stg2_io_o[3]_i_10__50_n_0
    SLICE_X13Y22         LUT5 (Prop_lut5_I0_O)        0.124     3.487 r  gen_pe_row[7].gen_pe_col[0].pe/FPmulModule/stg2_io_o[3]_i_9__50/O
                         net (fo=1, routed)           0.628     4.115    gen_pe_row[7].gen_pe_col[0].pe/FPmulModule/stg2_io_o[3]_i_9__50_n_0
    SLICE_X14Y26         LUT6 (Prop_lut6_I2_O)        0.124     4.239 r  gen_pe_row[7].gen_pe_col[0].pe/FPmulModule/stg2_io_o[3]_i_7__50/O
                         net (fo=1, routed)           0.000     4.239    gen_pe_row[7].gen_pe_col[0].pe/FPmulModule/stg2_io_o[3]_i_7__50_n_0
    SLICE_X14Y26         CARRY4 (Prop_carry4_S[0]_CO[3])
                                                      0.513     4.752 r  gen_pe_row[7].gen_pe_col[0].pe/FPmulModule/stg2_io_o_reg[3]_i_2__50/CO[3]
                         net (fo=1, routed)           0.000     4.752    gen_pe_row[7].gen_pe_col[0].pe/FPmulModule/stg2_io_o_reg[3]_i_2__50_n_0
    SLICE_X14Y27         CARRY4 (Prop_carry4_CI_CO[3])
                                                      0.117     4.869 r  gen_pe_row[7].gen_pe_col[0].pe/FPmulModule/stg2_io_o_reg[7]_i_2__50/CO[3]
                         net (fo=1, routed)           0.000     4.869    gen_pe_row[7].gen_pe_col[0].pe/FPmulModule/stg2_io_o_reg[7]_i_2__50_n_0
    SLICE_X14Y28         CARRY4 (Prop_carry4_CI_CO[3])
                                                      0.117     4.986 r  gen_pe_row[7].gen_pe_col[0].pe/FPmulModule/stg2_io_o_reg[11]_i_2__50/CO[3]
                         net (fo=1, routed)           0.000     4.986    gen_pe_row[7].gen_pe_col[0].pe/FPmulModule/stg2_io_o_reg[11]_i_2__50_n_0
    SLICE_X14Y29         CARRY4 (Prop_carry4_CI_CO[3])
                                                      0.117     5.103 r  gen_pe_row[7].gen_pe_col[0].pe/FPmulModule/stg2_io_o_reg[15]_i_2__50/CO[3]
                         net (fo=1, routed)           0.000     5.103    gen_pe_row[7].gen_pe_col[0].pe/FPmulModule/stg2_io_o_reg[15]_i_2__50_n_0
    SLICE_X14Y30         CARRY4 (Prop_carry4_CI_CO[3])
                                                      0.117     5.220 r  gen_pe_row[7].gen_pe_col[0].pe/FPmulModule/stg2_io_o_reg[19]_i_2__50/CO[3]
                         net (fo=1, routed)           0.000     5.220    gen_pe_row[7].gen_pe_col[0].pe/FPmulModule/stg2_io_o_reg[19]_i_2__50_n_0
    SLICE_X14Y31         CARRY4 (Prop_carry4_CI_CO[3])
                                                      0.117     5.337 r  gen_pe_row[7].gen_pe_col[0].pe/FPmulModule/stg2_io_o_reg[21]_i_3__43/CO[3]
                         net (fo=1, routed)           0.000     5.337    gen_pe_row[7].gen_pe_col[0].pe/FPmulModule/stg2_io_o_reg[21]_i_3__43_n_0
    SLICE_X14Y32         CARRY4 (Prop_carry4_CI_CO[0])
                                                      0.254     5.591 f  gen_pe_row[7].gen_pe_col[0].pe/FPmulModule/stg2_io_o_reg[24]_i_2__15/CO[0]
                         net (fo=30, routed)          0.331     5.922    gen_pe_row[7].gen_pe_col[0].pe/FPmulModule/rounded_mnt[24]
    SLICE_X13Y32         LUT6 (Prop_lut6_I4_O)        0.367     6.289 f  gen_pe_row[7].gen_pe_col[0].pe/FPmulModule/stg2_io_o[28]_i_2__17/O
                         net (fo=5, routed)           0.737     7.027    gen_pe_row[7].gen_pe_col[0].pe/FPmulModule/stg2_io_o[28]_i_2__17_n_0
    SLICE_X17Y30         LUT4 (Prop_lut4_I3_O)        0.119     7.146 r  gen_pe_row[7].gen_pe_col[0].pe/FPmulModule/stg2_io_o[30]_i_5__50/O
                         net (fo=2, routed)           0.544     7.690    gen_pe_row[7].gen_pe_col[0].pe/FPmulModule/stg2_io_o[30]_i_5__50_n_0
    SLICE_X16Y30         LUT4 (Prop_lut4_I1_O)        0.332     8.022 r  gen_pe_row[7].gen_pe_col[0].pe/FPmulModule/stg2_io_o[30]_i_4__50/O
                         net (fo=31, routed)          0.672     8.694    gen_pe_row[7].gen_pe_col[0].pe/FPmulModule/stg2_io_o[30]_i_4__50_n_0
    SLICE_X15Y29         LUT4 (Prop_lut4_I3_O)        0.124     8.818 r  gen_pe_row[7].gen_pe_col[0].pe/FPmulModule/stg2_io_o[21]_i_1__50/O
                         net (fo=22, routed)          0.572     9.391    gen_pe_row[7].gen_pe_col[0].pe/FPmulModule/stg2_io_o[21]_i_1__50_n_0
    SLICE_X18Y29         FDRE                                         r  gen_pe_row[7].gen_pe_col[0].pe/FPmulModule/stg2_io_o_reg[10]/R
  -------------------------------------------------------------------    -------------------

                         (clock clock rise edge)      9.090     9.090 r  
                                                      0.000     9.090 r  clock (IN)
                         net (fo=42277, unset)        0.924    10.014    gen_pe_row[7].gen_pe_col[0].pe/FPmulModule/clock
    SLICE_X18Y29         FDRE                                         r  gen_pe_row[7].gen_pe_col[0].pe/FPmulModule/stg2_io_o_reg[10]/C
                         clock pessimism              0.000    10.014    
                         clock uncertainty           -0.035     9.979    
    SLICE_X18Y29         FDRE (Setup_fdre_C_R)       -0.524     9.455    gen_pe_row[7].gen_pe_col[0].pe/FPmulModule/stg2_io_o_reg[10]
  -------------------------------------------------------------------
                         required time                          9.455    
                         arrival time                          -9.391    
  -------------------------------------------------------------------
                         slack                                  0.064    





Min Delay Paths
--------------------------------------------------------------------------------------
Slack (MET) :             0.096ns  (arrival time - required time)
  Source:                 gen_pe_row[2].gen_pe_col[0].pe/d_out_reg_reg[30]/C
                            (rising edge-triggered cell FDRE clocked by clock  {rise@0.000ns fall@4.545ns period=9.090ns})
  Destination:            d_pipe_reg[2][0][30]/D
                            (rising edge-triggered cell FDCE clocked by clock  {rise@0.000ns fall@4.545ns period=9.090ns})
  Path Group:             clock
  Path Type:              Hold (Min at Fast Process Corner)
  Requirement:            0.000ns  (clock rise@0.000ns - clock rise@0.000ns)
  Data Path Delay:        0.193ns  (logic 0.141ns (73.018%)  route 0.052ns (26.982%))
  Logic Levels:           0  
  Clock Path Skew:        0.022ns (DCD - SCD - CPR)
    Destination Clock Delay (DCD):    0.432ns
    Source Clock Delay      (SCD):    0.410ns
    Clock Pessimism Removal (CPR):    -0.000ns

    Location             Delay type                Incr(ns)  Path(ns)    Netlist Resource(s)
  -------------------------------------------------------------------    -------------------
                         (clock clock rise edge)      0.000     0.000 r  
                                                      0.000     0.000 r  clock (IN)
                         net (fo=42277, unset)        0.410     0.410    gen_pe_row[2].gen_pe_col[0].pe/clock
    SLICE_X55Y5          FDRE                                         r  gen_pe_row[2].gen_pe_col[0].pe/d_out_reg_reg[30]/C
  -------------------------------------------------------------------    -------------------
    SLICE_X55Y5          FDRE (Prop_fdre_C_Q)         0.141     0.551 r  gen_pe_row[2].gen_pe_col[0].pe/d_out_reg_reg[30]/Q
                         net (fo=1, routed)           0.052     0.603    pe_d_out[2][0][30]
    SLICE_X54Y5          FDCE                                         r  d_pipe_reg[2][0][30]/D
  -------------------------------------------------------------------    -------------------

                         (clock clock rise edge)      0.000     0.000 r  
                                                      0.000     0.000 r  clock (IN)
                         net (fo=42277, unset)        0.432     0.432    clock
    SLICE_X54Y5          FDCE                                         r  d_pipe_reg[2][0][30]/C
                         clock pessimism              0.000     0.432    
    SLICE_X54Y5          FDCE (Hold_fdce_C_D)         0.076     0.508    d_pipe_reg[2][0][30]
  -------------------------------------------------------------------
                         required time                         -0.508    
                         arrival time                           0.603    
  -------------------------------------------------------------------
                         slack                                  0.096    





Pulse Width Checks
--------------------------------------------------------------------------------------
Clock Name:         clock
Waveform(ns):       { 0.000 4.545 }
Period(ns):         9.090
Sources:            { clock }

Check Type        Corner  Lib Pin      Reference Pin  Required(ns)  Actual(ns)  Slack(ns)  Location     Pin
Min Period        n/a     DSP48E1/CLK  n/a            2.154         9.090       6.936      DSP48_X2Y7   gen_pe_row[0].gen_pe_col[0].pe/FPmulModule/stg1_mntmul_reg/CLK
Low Pulse Width   Slow    SRL16E/CLK   n/a            0.980         4.545       3.565      SLICE_X58Y5  gen_pe_row[0].gen_pe_col[0].pe/bypass_reg_3_reg[0]_srl3___gen_pe_row_r_1/CLK
High Pulse Width  Slow    SRL16E/CLK   n/a            0.980         4.545       3.565      SLICE_X58Y5  gen_pe_row[0].gen_pe_col[0].pe/bypass_reg_3_reg[0]_srl3___gen_pe_row_r_1/CLK



