Copyright 1986-2022 Xilinx, Inc. All Rights Reserved. Copyright 2022-2023 Advanced Micro Devices, Inc. All Rights Reserved.
---------------------------------------------------------------------------------------------------------------------------------------------
| Tool Version : Vivado v.2023.1 (lin64) Build 3865809 Sun May  7 15:04:56 MDT 2023
| Date         : Mon Jun 29 18:34:37 2026
| Host         : phanikar-Latitude-5410 running 64-bit Ubuntu 22.04.5 LTS
| Command      : report_timing_summary -file timing_summary_pipelined_synth.rpt
| Design       : SystolicArray
| Device       : 7z020-clg484
| Speed File   : -1  PRODUCTION 1.12 2019-11-22
| Design State : Synthesized
---------------------------------------------------------------------------------------------------------------------------------------------

Timing Summary Report

------------------------------------------------------------------------------------------------
| Timer Settings
| --------------
------------------------------------------------------------------------------------------------

  Enable Multi Corner Analysis               :  Yes
  Enable Pessimism Removal                   :  Yes
  Pessimism Removal Resolution               :  Nearest Common Node
  Enable Input Delay Default Clock           :  No
  Enable Preset / Clear Arcs                 :  No
  Disable Flight Delays                      :  No
  Ignore I/O Paths                           :  No
  Timing Early Launch at Borrowing Latches   :  No
  Borrow Time for Max Delay Exceptions       :  Yes
  Merge Timing Exceptions                    :  Yes

  Corner  Analyze    Analyze    
  Name    Max Paths  Min Paths  
  ------  ---------  ---------  
  Slow    Yes        Yes        
  Fast    Yes        Yes        


------------------------------------------------------------------------------------------------
| Report Methodology
| ------------------
------------------------------------------------------------------------------------------------

No report available as report_methodology has not been run prior. Run report_methodology on the current design for the summary of methodology violations.



check_timing report

Table of Contents
-----------------
1. checking no_clock (0)
2. checking constant_clock (0)
3. checking pulse_width_clock (0)
4. checking unconstrained_internal_endpoints (0)
5. checking no_input_delay (2564)
6. checking no_output_delay (512)
7. checking multiple_clock (0)
8. checking generated_clocks (0)
9. checking loops (0)
10. checking partial_input_delay (0)
11. checking partial_output_delay (0)
12. checking latch_loops (0)

1. checking no_clock (0)
------------------------
 There are 0 register/latch pins with no clock.


2. checking constant_clock (0)
------------------------------
 There are 0 register/latch pins with constant_clock.


3. checking pulse_width_clock (0)
---------------------------------
 There are 0 register/latch pins which need pulse_width check


4. checking unconstrained_internal_endpoints (0)
------------------------------------------------
 There are 0 pins that are not constrained for maximum delay.

 There are 0 pins that are not constrained for maximum delay due to constant clock.


5. checking no_input_delay (2564)
---------------------------------
 There are 2564 input ports with no input delay specified. (HIGH)

 There are 0 input ports with no input delay but user has a false path constraint.


6. checking no_output_delay (512)
---------------------------------
 There are 512 ports with no output delay specified. (HIGH)

 There are 0 ports with no output delay but user has a false path constraint

 There are 0 ports with no output delay but with a timing clock defined on it or propagating through it


7. checking multiple_clock (0)
------------------------------
 There are 0 register/latch pins with multiple clocks.


8. checking generated_clocks (0)
--------------------------------
 There are 0 generated clocks that are not connected to a clock source.


9. checking loops (0)
---------------------
 There are 0 combinational loops in the design.


10. checking partial_input_delay (0)
------------------------------------
 There are 0 input ports with partial input delay specified.


11. checking partial_output_delay (0)
-------------------------------------
 There are 0 ports with partial output delay specified.


12. checking latch_loops (0)
----------------------------
 There are 0 combinational latch loops in the design through latch input



------------------------------------------------------------------------------------------------
| Design Timing Summary
| ---------------------
------------------------------------------------------------------------------------------------

    WNS(ns)      TNS(ns)  TNS Failing Endpoints  TNS Total Endpoints      WHS(ns)      THS(ns)  THS Failing Endpoints  THS Total Endpoints     WPWS(ns)     TPWS(ns)  TPWS Failing Endpoints  TPWS Total Endpoints  
    -------      -------  ---------------------  -------------------      -------      -------  ---------------------  -------------------     --------     --------  ----------------------  --------------------  
     -0.091      -78.094                   1050                44702        0.252        0.000                      0                44702        3.565        0.000                       0                 40542  


Timing constraints are not met.


------------------------------------------------------------------------------------------------
| Clock Summary
| -------------
------------------------------------------------------------------------------------------------

Clock  Waveform(ns)         Period(ns)      Frequency(MHz)
-----  ------------         ----------      --------------
clock  {0.000 4.545}        9.090           110.011         


------------------------------------------------------------------------------------------------
| Intra Clock Table
| -----------------
------------------------------------------------------------------------------------------------

Clock             WNS(ns)      TNS(ns)  TNS Failing Endpoints  TNS Total Endpoints      WHS(ns)      THS(ns)  THS Failing Endpoints  THS Total Endpoints     WPWS(ns)     TPWS(ns)  TPWS Failing Endpoints  TPWS Total Endpoints  
-----             -------      -------  ---------------------  -------------------      -------      -------  ---------------------  -------------------     --------     --------  ----------------------  --------------------  
clock              -0.091      -78.094                   1050                44702        0.252        0.000                      0                44702        3.565        0.000                       0                 40542  


------------------------------------------------------------------------------------------------
| Inter Clock Table
| -----------------
------------------------------------------------------------------------------------------------

From Clock    To Clock          WNS(ns)      TNS(ns)  TNS Failing Endpoints  TNS Total Endpoints      WHS(ns)      THS(ns)  THS Failing Endpoints  THS Total Endpoints  
----------    --------          -------      -------  ---------------------  -------------------      -------      -------  ---------------------  -------------------  


------------------------------------------------------------------------------------------------
| Other Path Groups Table
| -----------------------
------------------------------------------------------------------------------------------------

Path Group    From Clock    To Clock          WNS(ns)      TNS(ns)  TNS Failing Endpoints  TNS Total Endpoints      WHS(ns)      THS(ns)  THS Failing Endpoints  THS Total Endpoints  
----------    ----------    --------          -------      -------  ---------------------  -------------------      -------      -------  ---------------------  -------------------  


------------------------------------------------------------------------------------------------
| Timing Details
| --------------
------------------------------------------------------------------------------------------------


---------------------------------------------------------------------------------------------------
From Clock:  clock
  To Clock:  clock

Setup :         1050  Failing Endpoints,  Worst Slack       -0.091ns,  Total Violation      -78.094ns
Hold  :            0  Failing Endpoints,  Worst Slack        0.252ns,  Total Violation        0.000ns
PW    :            0  Failing Endpoints,  Worst Slack        3.565ns,  Total Violation        0.000ns
---------------------------------------------------------------------------------------------------


Max Delay Paths
--------------------------------------------------------------------------------------
Slack (VIOLATED) :        -0.091ns  (required time - arrival time)
  Source:                 gen_pe_row[7].gen_pe_col[7].pe/FPmulModule/stg1_mntmul_reg[13]/C
                            (rising edge-triggered cell FDRE clocked by clock  {rise@0.000ns fall@4.545ns period=9.090ns})
  Destination:            gen_pe_row[7].gen_pe_col[7].pe/FPmulModule/stg2_io_o_reg[0]/R
                            (rising edge-triggered cell FDRE clocked by clock  {rise@0.000ns fall@4.545ns period=9.090ns})
  Path Group:             clock
  Path Type:              Setup (Max at Slow Process Corner)
  Requirement:            9.090ns  (clock rise@9.090ns - clock rise@0.000ns)
  Data Path Delay:        8.573ns  (logic 3.419ns (39.881%)  route 5.154ns (60.119%))
  Logic Levels:           16  (CARRY4=7 LUT3=1 LUT4=2 LUT5=2 LUT6=4)
  Clock Path Skew:        -0.049ns (DCD - SCD + CPR)
    Destination Clock Delay (DCD):    0.924ns = ( 10.014 - 9.090 ) 
    Source Clock Delay      (SCD):    0.973ns
    Clock Pessimism Removal (CPR):    0.000ns
  Clock Uncertainty:      0.035ns  ((TSJ^2 + TIJ^2)^1/2 + DJ) / 2 + PE
    Total System Jitter     (TSJ):    0.071ns
    Total Input Jitter      (TIJ):    0.000ns
    Discrete Jitter          (DJ):    0.000ns
    Phase Error              (PE):    0.000ns

    Location             Delay type                Incr(ns)  Path(ns)    Netlist Resource(s)
  -------------------------------------------------------------------    -------------------
                         (clock clock rise edge)      0.000     0.000 r  
                                                      0.000     0.000 r  clock (IN)
                         net (fo=40541, unset)        0.973     0.973    gen_pe_row[7].gen_pe_col[7].pe/FPmulModule/clock
                         FDRE                                         r  gen_pe_row[7].gen_pe_col[7].pe/FPmulModule/stg1_mntmul_reg[13]/C
  -------------------------------------------------------------------    -------------------
                         FDRE (Prop_fdre_C_Q)         0.518     1.491 r  gen_pe_row[7].gen_pe_col[7].pe/FPmulModule/stg1_mntmul_reg[13]/Q
                         net (fo=1, unplaced)         0.741     2.232    gen_pe_row[7].gen_pe_col[7].pe/FPmulModule/stg1_mntmul_reg_n_0_[13]
                         LUT4 (Prop_lut4_I1_O)        0.295     2.527 r  gen_pe_row[7].gen_pe_col[7].pe/FPmulModule/stg2_io_o[3]_i_14__62/O
                         net (fo=1, unplaced)         0.449     2.976    gen_pe_row[7].gen_pe_col[7].pe/FPmulModule/stg2_io_o[3]_i_14__62_n_0
                         LUT5 (Prop_lut5_I4_O)        0.124     3.100 r  gen_pe_row[7].gen_pe_col[7].pe/FPmulModule/stg2_io_o[3]_i_13__62/O
                         net (fo=1, unplaced)         0.449     3.549    gen_pe_row[7].gen_pe_col[7].pe/FPmulModule/stg2_io_o[3]_i_13__62_n_0
                         LUT6 (Prop_lut6_I5_O)        0.124     3.673 r  gen_pe_row[7].gen_pe_col[7].pe/FPmulModule/stg2_io_o[3]_i_11__62/O
                         net (fo=1, unplaced)         0.449     4.122    gen_pe_row[7].gen_pe_col[7].pe/FPmulModule/stg2_io_o[3]_i_11__62_n_0
                         LUT6 (Prop_lut6_I5_O)        0.124     4.246 r  gen_pe_row[7].gen_pe_col[7].pe/FPmulModule/stg2_io_o[3]_i_9__62/O
                         net (fo=1, unplaced)         0.449     4.695    gen_pe_row[7].gen_pe_col[7].pe/FPmulModule/stg2_io_o[3]_i_9__62_n_0
                         LUT6 (Prop_lut6_I2_O)        0.124     4.819 r  gen_pe_row[7].gen_pe_col[7].pe/FPmulModule/stg2_io_o[3]_i_7__62/O
                         net (fo=1, unplaced)         0.000     4.819    gen_pe_row[7].gen_pe_col[7].pe/FPmulModule/stg2_io_o[3]_i_7__62_n_0
                         CARRY4 (Prop_carry4_S[0]_CO[3])
                                                      0.513     5.332 r  gen_pe_row[7].gen_pe_col[7].pe/FPmulModule/stg2_io_o_reg[3]_i_2__62/CO[3]
                         net (fo=1, unplaced)         0.009     5.341    gen_pe_row[7].gen_pe_col[7].pe/FPmulModule/stg2_io_o_reg[3]_i_2__62_n_0
                         CARRY4 (Prop_carry4_CI_CO[3])
                                                      0.117     5.458 r  gen_pe_row[7].gen_pe_col[7].pe/FPmulModule/stg2_io_o_reg[7]_i_2__62/CO[3]
                         net (fo=1, unplaced)         0.000     5.458    gen_pe_row[7].gen_pe_col[7].pe/FPmulModule/stg2_io_o_reg[7]_i_2__62_n_0
                         CARRY4 (Prop_carry4_CI_CO[3])
                                                      0.117     5.575 r  gen_pe_row[7].gen_pe_col[7].pe/FPmulModule/stg2_io_o_reg[11]_i_2__62/CO[3]
                         net (fo=1, unplaced)         0.000     5.575    gen_pe_row[7].gen_pe_col[7].pe/FPmulModule/stg2_io_o_reg[11]_i_2__62_n_0
                         CARRY4 (Prop_carry4_CI_CO[3])
                                                      0.117     5.692 r  gen_pe_row[7].gen_pe_col[7].pe/FPmulModule/stg2_io_o_reg[15]_i_2__62/CO[3]
                         net (fo=1, unplaced)         0.000     5.692    gen_pe_row[7].gen_pe_col[7].pe/FPmulModule/stg2_io_o_reg[15]_i_2__62_n_0
                         CARRY4 (Prop_carry4_CI_CO[3])
                                                      0.117     5.809 r  gen_pe_row[7].gen_pe_col[7].pe/FPmulModule/stg2_io_o_reg[19]_i_2__62/CO[3]
                         net (fo=1, unplaced)         0.000     5.809    gen_pe_row[7].gen_pe_col[7].pe/FPmulModule/stg2_io_o_reg[19]_i_2__62_n_0
                         CARRY4 (Prop_carry4_CI_CO[3])
                                                      0.117     5.926 r  gen_pe_row[7].gen_pe_col[7].pe/FPmulModule/stg2_io_o_reg[21]_i_3__54/CO[3]
                         net (fo=1, unplaced)         0.000     5.926    gen_pe_row[7].gen_pe_col[7].pe/FPmulModule/stg2_io_o_reg[21]_i_3__54_n_0
                         CARRY4 (Prop_carry4_CI_CO[0])
                                                      0.281     6.207 f  gen_pe_row[7].gen_pe_col[7].pe/FPmulModule/stg2_io_o_reg[25]_i_2__41/CO[0]
                         net (fo=30, unplaced)        0.381     6.588    gen_pe_row[7].gen_pe_col[7].pe/FPmulModule/rounded_mnt[24]
                         LUT3 (Prop_lut3_I2_O)        0.359     6.947 f  gen_pe_row[7].gen_pe_col[7].pe/FPmulModule/stg2_io_o[27]_i_2__7/O
                         net (fo=3, unplaced)         0.467     7.414    gen_pe_row[7].gen_pe_col[7].pe/FPmulModule/stg2_io_o[27]_i_2__7_n_0
                         LUT6 (Prop_lut6_I0_O)        0.124     7.538 r  gen_pe_row[7].gen_pe_col[7].pe/FPmulModule/stg2_io_o[30]_i_12__33/O
                         net (fo=1, unplaced)         0.449     7.987    gen_pe_row[7].gen_pe_col[7].pe/FPmulModule/stg2_io_o[30]_i_12__33_n_0
                         LUT5 (Prop_lut5_I1_O)        0.124     8.111 r  gen_pe_row[7].gen_pe_col[7].pe/FPmulModule/stg2_io_o[30]_i_4__62/O
                         net (fo=4, unplaced)         0.473     8.584    gen_pe_row[7].gen_pe_col[7].pe/FPmulModule/stg2_io_o[30]_i_4__62_n_0
                         LUT4 (Prop_lut4_I1_O)        0.124     8.708 r  gen_pe_row[7].gen_pe_col[7].pe/FPmulModule/stg2_io_o[21]_i_1__56/O
                         net (fo=22, unplaced)        0.838     9.546    gen_pe_row[7].gen_pe_col[7].pe/FPmulModule/stg2_io_o[21]_i_1__56_n_0
                         FDRE                                         r  gen_pe_row[7].gen_pe_col[7].pe/FPmulModule/stg2_io_o_reg[0]/R
  -------------------------------------------------------------------    -------------------

                         (clock clock rise edge)      9.090     9.090 r  
                                                      0.000     9.090 r  clock (IN)
                         net (fo=40541, unset)        0.924    10.014    gen_pe_row[7].gen_pe_col[7].pe/FPmulModule/clock
                         FDRE                                         r  gen_pe_row[7].gen_pe_col[7].pe/FPmulModule/stg2_io_o_reg[0]/C
                         clock pessimism              0.000    10.014    
                         clock uncertainty           -0.035     9.979    
                         FDRE (Setup_fdre_C_R)       -0.524     9.455    gen_pe_row[7].gen_pe_col[7].pe/FPmulModule/stg2_io_o_reg[0]
  -------------------------------------------------------------------
                         required time                          9.455    
                         arrival time                          -9.546    
  -------------------------------------------------------------------
                         slack                                 -0.091    





Min Delay Paths
--------------------------------------------------------------------------------------
Slack (MET) :             0.252ns  (arrival time - required time)
  Source:                 gen_pe_row[0].gen_pe_col[0].pe/SEAAdder/adderFrontend/stg4_sum1_reg[0]/C
                            (rising edge-triggered cell FDRE clocked by clock  {rise@0.000ns fall@4.545ns period=9.090ns})
  Destination:            gen_pe_row[0].gen_pe_col[0].pe/SEAAdder/reg_ionorm_sum_reg[0]/D
                            (rising edge-triggered cell FDRE clocked by clock  {rise@0.000ns fall@4.545ns period=9.090ns})
  Path Group:             clock
  Path Type:              Hold (Min at Fast Process Corner)
  Requirement:            0.000ns  (clock rise@0.000ns - clock rise@0.000ns)
  Data Path Delay:        0.393ns  (logic 0.262ns (66.651%)  route 0.131ns (33.349%))
  Logic Levels:           1  (LUT3=1)
  Clock Path Skew:        0.022ns (DCD - SCD - CPR)
    Destination Clock Delay (DCD):    0.432ns
    Source Clock Delay      (SCD):    0.410ns
    Clock Pessimism Removal (CPR):    -0.000ns

    Location             Delay type                Incr(ns)  Path(ns)    Netlist Resource(s)
  -------------------------------------------------------------------    -------------------
                         (clock clock rise edge)      0.000     0.000 r  
                                                      0.000     0.000 r  clock (IN)
                         net (fo=40541, unset)        0.410     0.410    gen_pe_row[0].gen_pe_col[0].pe/SEAAdder/adderFrontend/clock
                         FDRE                                         r  gen_pe_row[0].gen_pe_col[0].pe/SEAAdder/adderFrontend/stg4_sum1_reg[0]/C
  -------------------------------------------------------------------    -------------------
                         FDRE (Prop_fdre_C_Q)         0.164     0.574 r  gen_pe_row[0].gen_pe_col[0].pe/SEAAdder/adderFrontend/stg4_sum1_reg[0]/Q
                         net (fo=1, unplaced)         0.131     0.705    gen_pe_row[0].gen_pe_col[0].pe/SEAAdder/adderFrontend/stg4_sum1_reg_n_0_[0]
                         LUT3 (Prop_lut3_I2_O)        0.098     0.803 r  gen_pe_row[0].gen_pe_col[0].pe/SEAAdder/adderFrontend/reg_ionorm_sum[0]_i_1__34/O
                         net (fo=1, unplaced)         0.000     0.803    gen_pe_row[0].gen_pe_col[0].pe/SEAAdder/adderFrontend_ionorm_sum[0]
                         FDRE                                         r  gen_pe_row[0].gen_pe_col[0].pe/SEAAdder/reg_ionorm_sum_reg[0]/D
  -------------------------------------------------------------------    -------------------

                         (clock clock rise edge)      0.000     0.000 r  
                                                      0.000     0.000 r  clock (IN)
                         net (fo=40541, unset)        0.432     0.432    gen_pe_row[0].gen_pe_col[0].pe/SEAAdder/clock
                         FDRE                                         r  gen_pe_row[0].gen_pe_col[0].pe/SEAAdder/reg_ionorm_sum_reg[0]/C
                         clock pessimism              0.000     0.432    
                         FDRE (Hold_fdre_C_D)         0.120     0.552    gen_pe_row[0].gen_pe_col[0].pe/SEAAdder/reg_ionorm_sum_reg[0]
  -------------------------------------------------------------------
                         required time                         -0.552    
                         arrival time                           0.803    
  -------------------------------------------------------------------
                         slack                                  0.252    





Pulse Width Checks
--------------------------------------------------------------------------------------
Clock Name:         clock
Waveform(ns):       { 0.000 4.545 }
Period(ns):         9.090
Sources:            { clock }

Check Type        Corner  Lib Pin      Reference Pin  Required(ns)  Actual(ns)  Slack(ns)  Location  Pin
Min Period        n/a     DSP48E1/CLK  n/a            2.154         9.090       6.936                gen_pe_row[0].gen_pe_col[0].pe/FPmulModule/stg1_mntmul_reg/CLK
Low Pulse Width   Slow    SRL16E/CLK   n/a            0.980         4.545       3.565                gen_pe_row[0].gen_pe_col[0].pe/bypass_reg_3_reg[0]_srl3___gen_pe_row_r_1/CLK
High Pulse Width  Slow    SRL16E/CLK   n/a            0.980         4.545       3.565                gen_pe_row[0].gen_pe_col[0].pe/bypass_reg_3_reg[0]_srl3___gen_pe_row_r_1/CLK



